<?xml version="1.0" encoding="UTF-8"?>
<robot generator="Robot 6.0.2 (Python 3.11.4 on win32)" generated="20231114 23:59:35.888" rpa="false" schemaversion="3">
<suite id="s1" name="Multiselectionlist" source="C:\Development\robot-scripts\robot-zero-to-hero\multiselectionlist.robot">
<test id="s1-t1" name="validate the multi selection list" line="4">
<kw name="Open Browser" library="SeleniumLibrary">
<arg>https://www.techlistic.com/p/selenium-practice-form.html</arg>
<arg>chrome</arg>
<doc>Opens a new browser instance to the optional ``url``.</doc>
<msg timestamp="20231114 23:59:36.095" level="INFO">Opening browser 'chrome' to base url 'https://www.techlistic.com/p/selenium-practice-form.html'.</msg>
<status status="PASS" starttime="20231114 23:59:36.095" endtime="20231114 23:59:39.861"/>
</kw>
<kw name="Maximize Browser Window" library="SeleniumLibrary">
<doc>Maximizes current browser window.</doc>
<status status="PASS" starttime="20231114 23:59:39.861" endtime="20231114 23:59:39.978"/>
</kw>
<kw name="Set Selenium Implicit Wait" library="SeleniumLibrary">
<arg>10</arg>
<doc>Sets the implicit wait value used by Selenium.</doc>
<status status="PASS" starttime="20231114 23:59:39.979" endtime="20231114 23:59:39.981"/>
</kw>
<kw name="Scroll Element Into View" library="SeleniumLibrary">
<arg>css:#selenium_commands</arg>
<doc>Scrolls the element identified by ``locator`` into view.</doc>
<status status="PASS" starttime="20231114 23:59:39.981" endtime="20231114 23:59:40.266"/>
</kw>
<kw name="Select All From List" library="SeleniumLibrary">
<arg>css:#selenium_commands</arg>
<doc>Selects all options from multi-selection list ``locator``.</doc>
<msg timestamp="20231114 23:59:40.266" level="INFO">Selecting all options from list 'css:#selenium_commands'.</msg>
<status status="PASS" starttime="20231114 23:59:40.266" endtime="20231114 23:59:40.563"/>
</kw>
<kw name="Sleep" library="BuiltIn">
<arg>5</arg>
<doc>Pauses the test executed for the given time.</doc>
<msg timestamp="20231114 23:59:45.564" level="INFO">Slept 5 seconds</msg>
<status status="PASS" starttime="20231114 23:59:40.563" endtime="20231114 23:59:45.564"/>
</kw>
<status status="PASS" starttime="20231114 23:59:36.095" endtime="20231114 23:59:45.565"/>
</test>
<status status="PASS" starttime="20231114 23:59:35.888" endtime="20231114 23:59:45.566"/>
</suite>
<statistics>
<total>
<stat pass="1" fail="0" skip="0">All Tests</stat>
</total>
<tag>
</tag>
<suite>
<stat pass="1" fail="0" skip="0" id="s1" name="Multiselectionlist">Multiselectionlist</stat>
</suite>
</statistics>
<errors>
</errors>
</robot>
