<?xml version="1.0" encoding="UTF-8"?>
<robot generator="Robot 6.0.2 (Python 3.11.4 on win32)" generated="20231102 16:57:16.914" rpa="false" schemaversion="3">
<suite id="s1" name="Sample" source="C:\Development\robot-scripts\robot-zero-to-hero\API Robot\sample.robot">
<test id="s1-t1" name="validate the lists equality" line="12">
<kw name="Create List" library="BuiltIn">
<var>@{l1}</var>
<arg>1</arg>
<arg>3</arg>
<arg>5</arg>
<arg>6</arg>
<doc>Returns a list containing given items.</doc>
<msg timestamp="20231102 16:57:17.149" level="INFO">@{l1} = [ 1 | 3 | 5 | 6 ]</msg>
<status status="PASS" starttime="20231102 16:57:17.149" endtime="20231102 16:57:17.149"/>
</kw>
<kw name="Create List" library="BuiltIn">
<var>@{l2}</var>
<arg>1</arg>
<arg>4</arg>
<arg>5</arg>
<arg>6</arg>
<doc>Returns a list containing given items.</doc>
<msg timestamp="20231102 16:57:17.149" level="INFO">@{l2} = [ 1 | 4 | 5 | 6 ]</msg>
<status status="PASS" starttime="20231102 16:57:17.149" endtime="20231102 16:57:17.149"/>
</kw>
<kw name="Create List" library="BuiltIn">
<var>@{l3}</var>
<arg>1</arg>
<arg>5</arg>
<arg>3</arg>
<arg>6</arg>
<doc>Returns a list containing given items.</doc>
<msg timestamp="20231102 16:57:17.150" level="INFO">@{l3} = [ 1 | 5 | 3 | 6 ]</msg>
<status status="PASS" starttime="20231102 16:57:17.150" endtime="20231102 16:57:17.150"/>
</kw>
<kw name="Should Be Equal" library="BuiltIn">
<arg>${l1}</arg>
<arg>${l2}</arg>
<doc>Fails if the given objects are unequal.</doc>
<msg timestamp="20231102 16:57:17.151" level="FAIL">['1', '3', '5', '6'] != ['1', '4', '5', '6']</msg>
<status status="FAIL" starttime="20231102 16:57:17.150" endtime="20231102 16:57:17.151"/>
</kw>
<kw name="Compare List" library="sample">
<arg>${l1}</arg>
<arg>${l3}</arg>
<status status="NOT RUN" starttime="20231102 16:57:17.151" endtime="20231102 16:57:17.151"/>
</kw>
<status status="FAIL" starttime="20231102 16:57:17.148" endtime="20231102 16:57:17.151">['1', '3', '5', '6'] != ['1', '4', '5', '6']</status>
</test>
<status status="FAIL" starttime="20231102 16:57:16.917" endtime="20231102 16:57:17.152"/>
</suite>
<statistics>
<total>
<stat pass="0" fail="1" skip="0">All Tests</stat>
</total>
<tag>
</tag>
<suite>
<stat pass="0" fail="1" skip="0" id="s1" name="Sample">Sample</stat>
</suite>
</statistics>
<errors>
</errors>
</robot>
